mode: set
github.com/omekov/superapp-backend/pkg/jwt/generate.go:57.8,67.2 1 0
github.com/omekov/superapp-backend/pkg/jwt/generate.go:70.78,72.2 1 0
github.com/omekov/superapp-backend/pkg/jwt/generate.go:75.55,77.16 2 0
github.com/omekov/superapp-backend/pkg/jwt/generate.go:80.2,80.26 1 0
github.com/omekov/superapp-backend/pkg/jwt/generate.go:77.16,79.3 1 0
github.com/omekov/superapp-backend/pkg/jwt/generate.go:83.62,90.2 1 0
github.com/omekov/superapp-backend/pkg/jwt/generate.go:92.61,99.2 1 0
github.com/omekov/superapp-backend/pkg/jwt/generate.go:102.65,104.103 2 0
github.com/omekov/superapp-backend/pkg/jwt/generate.go:110.2,110.16 1 0
github.com/omekov/superapp-backend/pkg/jwt/generate.go:114.2,114.21 1 0
github.com/omekov/superapp-backend/pkg/jwt/generate.go:118.2,118.20 1 0
github.com/omekov/superapp-backend/pkg/jwt/generate.go:104.103,105.60 1 0
github.com/omekov/superapp-backend/pkg/jwt/generate.go:108.3,108.31 1 0
github.com/omekov/superapp-backend/pkg/jwt/generate.go:105.60,107.4 1 0
github.com/omekov/superapp-backend/pkg/jwt/generate.go:110.16,112.3 1 0
github.com/omekov/superapp-backend/pkg/jwt/generate.go:114.21,116.3 1 0
github.com/omekov/superapp-backend/pkg/jwt/generate.go:122.67,124.104 2 0
github.com/omekov/superapp-backend/pkg/jwt/generate.go:130.2,130.16 1 0
github.com/omekov/superapp-backend/pkg/jwt/generate.go:134.2,134.21 1 0
github.com/omekov/superapp-backend/pkg/jwt/generate.go:137.2,137.20 1 0
github.com/omekov/superapp-backend/pkg/jwt/generate.go:124.104,125.60 1 0
github.com/omekov/superapp-backend/pkg/jwt/generate.go:128.3,128.32 1 0
github.com/omekov/superapp-backend/pkg/jwt/generate.go:125.60,127.4 1 0
github.com/omekov/superapp-backend/pkg/jwt/generate.go:130.16,132.3 1 0
github.com/omekov/superapp-backend/pkg/jwt/generate.go:134.21,136.3 1 0
github.com/omekov/superapp-backend/pkg/jwt/generate.go:141.59,145.16 4 0
github.com/omekov/superapp-backend/pkg/jwt/generate.go:149.2,150.16 2 0
github.com/omekov/superapp-backend/pkg/jwt/generate.go:153.2,153.19 1 0
github.com/omekov/superapp-backend/pkg/jwt/generate.go:145.16,147.3 1 0
github.com/omekov/superapp-backend/pkg/jwt/generate.go:150.16,152.3 1 0
github.com/omekov/superapp-backend/pkg/jwt/generate.go:157.60,164.2 1 0
github.com/omekov/superapp-backend/pkg/jwt/generate.go:167.62,169.103 2 0
github.com/omekov/superapp-backend/pkg/jwt/generate.go:175.2,175.16 1 0
github.com/omekov/superapp-backend/pkg/jwt/generate.go:179.2,179.22 1 0
github.com/omekov/superapp-backend/pkg/jwt/generate.go:182.2,182.20 1 0
github.com/omekov/superapp-backend/pkg/jwt/generate.go:169.103,170.60 1 0
github.com/omekov/superapp-backend/pkg/jwt/generate.go:173.3,173.29 1 0
github.com/omekov/superapp-backend/pkg/jwt/generate.go:170.60,172.4 1 0
github.com/omekov/superapp-backend/pkg/jwt/generate.go:175.16,177.3 1 0
github.com/omekov/superapp-backend/pkg/jwt/generate.go:179.22,181.3 1 0
github.com/omekov/superapp-backend/internal/auth/user/service/service.go:17.118,21.2 1 1
github.com/omekov/superapp-backend/internal/auth/user/service/user.go:44.16,46.2 1 1
github.com/omekov/superapp-backend/internal/auth/user/service/user.go:48.99,50.16 2 1
github.com/omekov/superapp-backend/internal/auth/user/service/user.go:54.2,54.45 1 1
github.com/omekov/superapp-backend/internal/auth/user/service/user.go:58.2,59.16 2 1
github.com/omekov/superapp-backend/internal/auth/user/service/user.go:63.2,67.16 3 1
github.com/omekov/superapp-backend/internal/auth/user/service/user.go:71.2,73.16 3 1
github.com/omekov/superapp-backend/internal/auth/user/service/user.go:77.2,78.16 2 1
github.com/omekov/superapp-backend/internal/auth/user/service/user.go:82.2,85.8 1 1
github.com/omekov/superapp-backend/internal/auth/user/service/user.go:50.16,52.3 1 1
github.com/omekov/superapp-backend/internal/auth/user/service/user.go:54.45,56.3 1 1
github.com/omekov/superapp-backend/internal/auth/user/service/user.go:59.16,61.3 1 1
github.com/omekov/superapp-backend/internal/auth/user/service/user.go:67.16,69.3 1 1
github.com/omekov/superapp-backend/internal/auth/user/service/user.go:73.16,75.3 1 1
github.com/omekov/superapp-backend/internal/auth/user/service/user.go:78.16,80.3 1 1
github.com/omekov/superapp-backend/internal/auth/user/service/user.go:88.89,90.45 2 1
github.com/omekov/superapp-backend/internal/auth/user/service/user.go:103.2,103.16 1 1
github.com/omekov/superapp-backend/internal/auth/user/service/user.go:107.2,111.8 1 1
github.com/omekov/superapp-backend/internal/auth/user/service/user.go:90.45,92.17 2 1
github.com/omekov/superapp-backend/internal/auth/user/service/user.go:96.3,97.17 2 1
github.com/omekov/superapp-backend/internal/auth/user/service/user.go:100.3,100.12 1 1
github.com/omekov/superapp-backend/internal/auth/user/service/user.go:92.17,94.4 1 1
github.com/omekov/superapp-backend/internal/auth/user/service/user.go:97.17,99.4 1 1
github.com/omekov/superapp-backend/internal/auth/user/service/user.go:103.16,105.3 1 1
github.com/omekov/superapp-backend/internal/auth/user/service/user.go:114.77,117.35 2 1
github.com/omekov/superapp-backend/internal/auth/user/service/user.go:120.2,120.16 1 1
github.com/omekov/superapp-backend/internal/auth/user/service/user.go:124.2,124.34 1 1
github.com/omekov/superapp-backend/internal/auth/user/service/user.go:128.2,129.35 2 1
github.com/omekov/superapp-backend/internal/auth/user/service/user.go:132.2,132.16 1 1
github.com/omekov/superapp-backend/internal/auth/user/service/user.go:136.2,136.40 1 1
github.com/omekov/superapp-backend/internal/auth/user/service/user.go:140.2,141.16 2 1
github.com/omekov/superapp-backend/internal/auth/user/service/user.go:145.2,146.28 2 1
github.com/omekov/superapp-backend/internal/auth/user/service/user.go:151.2,161.16 3 1
github.com/omekov/superapp-backend/internal/auth/user/service/user.go:165.2,165.12 1 1
github.com/omekov/superapp-backend/internal/auth/user/service/user.go:172.2,172.12 1 1
github.com/omekov/superapp-backend/internal/auth/user/service/user.go:117.35,119.3 1 0
github.com/omekov/superapp-backend/internal/auth/user/service/user.go:120.16,122.3 1 0
github.com/omekov/superapp-backend/internal/auth/user/service/user.go:124.34,126.3 1 1
github.com/omekov/superapp-backend/internal/auth/user/service/user.go:129.35,131.3 1 0
github.com/omekov/superapp-backend/internal/auth/user/service/user.go:132.16,134.3 1 0
github.com/omekov/superapp-backend/internal/auth/user/service/user.go:136.40,138.3 1 0
github.com/omekov/superapp-backend/internal/auth/user/service/user.go:141.16,143.3 1 0
github.com/omekov/superapp-backend/internal/auth/user/service/user.go:146.28,149.3 2 0
github.com/omekov/superapp-backend/internal/auth/user/service/user.go:161.16,163.3 1 0
github.com/omekov/superapp-backend/internal/auth/user/service/user.go:165.12,166.78 1 1
github.com/omekov/superapp-backend/internal/auth/user/service/user.go:166.78,169.4 2 0
github.com/omekov/superapp-backend/internal/auth/user/service/user.go:175.91,177.16 2 0
github.com/omekov/superapp-backend/internal/auth/user/service/user.go:180.2,181.16 2 0
github.com/omekov/superapp-backend/internal/auth/user/service/user.go:185.2,186.16 2 0
github.com/omekov/superapp-backend/internal/auth/user/service/user.go:190.2,193.8 1 0
github.com/omekov/superapp-backend/internal/auth/user/service/user.go:177.16,179.3 1 0
github.com/omekov/superapp-backend/internal/auth/user/service/user.go:181.16,183.3 1 0
github.com/omekov/superapp-backend/internal/auth/user/service/user.go:186.16,188.3 1 0
github.com/omekov/superapp-backend/internal/auth/user/service/user.go:196.79,198.16 2 0
github.com/omekov/superapp-backend/internal/auth/user/service/user.go:205.2,206.16 2 0
github.com/omekov/superapp-backend/internal/auth/user/service/user.go:210.2,210.12 1 0
github.com/omekov/superapp-backend/internal/auth/user/service/user.go:224.2,224.12 1 0
github.com/omekov/superapp-backend/internal/auth/user/service/user.go:198.16,199.36 1 0
github.com/omekov/superapp-backend/internal/auth/user/service/user.go:202.3,202.13 1 0
github.com/omekov/superapp-backend/internal/auth/user/service/user.go:199.36,201.4 1 0
github.com/omekov/superapp-backend/internal/auth/user/service/user.go:206.16,208.3 1 0
github.com/omekov/superapp-backend/internal/auth/user/service/user.go:210.12,219.76 2 0
github.com/omekov/superapp-backend/internal/auth/user/service/user.go:219.76,222.4 2 0
github.com/omekov/superapp-backend/internal/auth/user/service/user.go:226.95,228.16 2 0
github.com/omekov/superapp-backend/internal/auth/user/service/user.go:231.2,234.16 3 0
github.com/omekov/superapp-backend/internal/auth/user/service/user.go:241.2,242.16 2 0
github.com/omekov/superapp-backend/internal/auth/user/service/user.go:246.2,247.16 2 0
github.com/omekov/superapp-backend/internal/auth/user/service/user.go:251.2,251.12 1 0
github.com/omekov/superapp-backend/internal/auth/user/service/user.go:257.2,257.12 1 0
github.com/omekov/superapp-backend/internal/auth/user/service/user.go:228.16,230.3 1 0
github.com/omekov/superapp-backend/internal/auth/user/service/user.go:234.16,235.36 1 0
github.com/omekov/superapp-backend/internal/auth/user/service/user.go:238.3,238.13 1 0
github.com/omekov/superapp-backend/internal/auth/user/service/user.go:235.36,237.4 1 0
github.com/omekov/superapp-backend/internal/auth/user/service/user.go:242.16,244.3 1 0
github.com/omekov/superapp-backend/internal/auth/delivery/grpc/handler.go:32.97,41.16 4 0
github.com/omekov/superapp-backend/internal/auth/delivery/grpc/handler.go:45.2,50.16 2 0
github.com/omekov/superapp-backend/internal/auth/delivery/grpc/handler.go:54.2,55.16 2 0
github.com/omekov/superapp-backend/internal/auth/delivery/grpc/handler.go:59.2,62.8 1 0
github.com/omekov/superapp-backend/internal/auth/delivery/grpc/handler.go:41.16,43.3 1 0
github.com/omekov/superapp-backend/internal/auth/delivery/grpc/handler.go:50.16,52.3 1 0
github.com/omekov/superapp-backend/internal/auth/delivery/grpc/handler.go:55.16,58.3 2 0
github.com/omekov/superapp-backend/internal/auth/delivery/grpc/handler.go:66.94,69.21 3 0
github.com/omekov/superapp-backend/internal/auth/delivery/grpc/handler.go:73.2,80.8 2 0
github.com/omekov/superapp-backend/internal/auth/delivery/grpc/handler.go:69.21,71.3 1 0
github.com/omekov/superapp-backend/internal/auth/delivery/grpc/handler.go:84.95,92.16 3 0
github.com/omekov/superapp-backend/internal/auth/delivery/grpc/handler.go:96.2,101.16 2 0
github.com/omekov/superapp-backend/internal/auth/delivery/grpc/handler.go:105.2,110.16 3 0
github.com/omekov/superapp-backend/internal/auth/delivery/grpc/handler.go:114.2,120.30 2 0
github.com/omekov/superapp-backend/internal/auth/delivery/grpc/handler.go:92.16,94.3 1 0
github.com/omekov/superapp-backend/internal/auth/delivery/grpc/handler.go:101.16,103.3 1 0
github.com/omekov/superapp-backend/internal/auth/delivery/grpc/handler.go:110.16,112.3 1 0
github.com/omekov/superapp-backend/internal/auth/delivery/grpc/handler.go:124.102,130.2 2 0
github.com/omekov/superapp-backend/internal/auth/delivery/grpc/handler.go:133.99,139.16 3 0
github.com/omekov/superapp-backend/internal/auth/delivery/grpc/handler.go:143.2,148.16 3 0
github.com/omekov/superapp-backend/internal/auth/delivery/grpc/handler.go:152.2,152.69 1 0
github.com/omekov/superapp-backend/internal/auth/delivery/grpc/handler.go:156.2,156.30 1 0
github.com/omekov/superapp-backend/internal/auth/delivery/grpc/handler.go:139.16,141.3 1 0
github.com/omekov/superapp-backend/internal/auth/delivery/grpc/handler.go:148.16,150.3 1 0
github.com/omekov/superapp-backend/internal/auth/delivery/grpc/handler.go:152.69,154.3 1 0
github.com/omekov/superapp-backend/internal/auth/delivery/grpc/handler.go:160.109,164.16 2 0
github.com/omekov/superapp-backend/internal/auth/delivery/grpc/handler.go:168.2,171.16 2 0
github.com/omekov/superapp-backend/internal/auth/delivery/grpc/handler.go:175.2,175.98 1 0
github.com/omekov/superapp-backend/internal/auth/delivery/grpc/handler.go:178.2,178.30 1 0
github.com/omekov/superapp-backend/internal/auth/delivery/grpc/handler.go:164.16,166.3 1 0
github.com/omekov/superapp-backend/internal/auth/delivery/grpc/handler.go:171.16,173.3 1 0
github.com/omekov/superapp-backend/internal/auth/delivery/grpc/handler.go:175.98,177.3 1 0
github.com/omekov/superapp-backend/internal/auth/delivery/grpc/handler.go:182.111,188.16 3 0
github.com/omekov/superapp-backend/internal/auth/delivery/grpc/handler.go:192.2,192.66 1 0
github.com/omekov/superapp-backend/internal/auth/delivery/grpc/handler.go:195.2,195.30 1 0
github.com/omekov/superapp-backend/internal/auth/delivery/grpc/handler.go:188.16,190.3 1 0
github.com/omekov/superapp-backend/internal/auth/delivery/grpc/handler.go:192.66,194.3 1 0
github.com/omekov/superapp-backend/internal/salecar/car/repository/repository.go:14.51,20.2 1 1
github.com/omekov/superapp-backend/internal/salecar/car/repository/carmarkrepository.go:15.59,19.2 1 1
github.com/omekov/superapp-backend/internal/salecar/car/repository/carmarkrepository.go:21.88,30.2 1 1
github.com/omekov/superapp-backend/internal/salecar/car/repository/carmarkrepository.go:32.91,45.2 3 1
github.com/omekov/superapp-backend/internal/salecar/car/repository/carmarkrepository.go:47.83,57.16 3 1
github.com/omekov/superapp-backend/internal/salecar/car/repository/carmarkrepository.go:60.2,62.18 2 1
github.com/omekov/superapp-backend/internal/salecar/car/repository/carmarkrepository.go:71.2,71.37 1 1
github.com/omekov/superapp-backend/internal/salecar/car/repository/carmarkrepository.go:75.2,75.35 1 1
github.com/omekov/superapp-backend/internal/salecar/car/repository/carmarkrepository.go:79.2,79.22 1 1
github.com/omekov/superapp-backend/internal/salecar/car/repository/carmarkrepository.go:57.16,59.3 1 0
github.com/omekov/superapp-backend/internal/salecar/car/repository/carmarkrepository.go:62.18,64.51 2 1
github.com/omekov/superapp-backend/internal/salecar/car/repository/carmarkrepository.go:68.3,68.39 1 1
github.com/omekov/superapp-backend/internal/salecar/car/repository/carmarkrepository.go:64.51,66.4 1 0
github.com/omekov/superapp-backend/internal/salecar/car/repository/carmarkrepository.go:71.37,73.3 1 0
github.com/omekov/superapp-backend/internal/salecar/car/repository/carmarkrepository.go:75.35,77.3 1 0
github.com/omekov/superapp-backend/internal/salecar/car/repository/carmarkrepository.go:82.88,97.16 3 1
github.com/omekov/superapp-backend/internal/salecar/car/repository/carmarkrepository.go:101.2,102.12 2 1
github.com/omekov/superapp-backend/internal/salecar/car/repository/carmarkrepository.go:97.16,99.3 1 0
github.com/omekov/superapp-backend/internal/salecar/car/repository/carmarkrepository.go:105.72,108.2 2 1
github.com/omekov/superapp-backend/internal/salecar/car/repository/carmodelrepository.go:14.61,18.2 1 1
github.com/omekov/superapp-backend/internal/salecar/car/repository/carmodelrepository.go:20.91,43.2 1 1
github.com/omekov/superapp-backend/internal/salecar/car/repository/carmodelrepository.go:45.93,55.2 3 0
github.com/omekov/superapp-backend/internal/salecar/car/repository/cartyperepository.go:14.59,18.2 1 1
github.com/omekov/superapp-backend/internal/salecar/car/repository/cartyperepository.go:20.88,22.2 1 1
github.com/omekov/superapp-backend/internal/salecar/car/repository/cartyperepository.go:24.91,28.2 3 1
github.com/omekov/superapp-backend/internal/salecar/car/repository/cartyperepository.go:30.83,33.16 3 1
github.com/omekov/superapp-backend/internal/salecar/car/repository/cartyperepository.go:36.2,38.18 2 1
github.com/omekov/superapp-backend/internal/salecar/car/repository/cartyperepository.go:50.2,50.37 1 1
github.com/omekov/superapp-backend/internal/salecar/car/repository/cartyperepository.go:54.2,54.35 1 1
github.com/omekov/superapp-backend/internal/salecar/car/repository/cartyperepository.go:58.2,58.22 1 1
github.com/omekov/superapp-backend/internal/salecar/car/repository/cartyperepository.go:33.16,35.3 1 0
github.com/omekov/superapp-backend/internal/salecar/car/repository/cartyperepository.go:38.18,43.17 2 1
github.com/omekov/superapp-backend/internal/salecar/car/repository/cartyperepository.go:47.3,47.39 1 1
github.com/omekov/superapp-backend/internal/salecar/car/repository/cartyperepository.go:43.17,45.4 1 0
github.com/omekov/superapp-backend/internal/salecar/car/repository/cartyperepository.go:50.37,52.3 1 0
github.com/omekov/superapp-backend/internal/salecar/car/repository/cartyperepository.go:54.35,56.3 1 0
github.com/omekov/superapp-backend/internal/salecar/car/repository/cartyperepository.go:61.88,63.16 2 1
github.com/omekov/superapp-backend/internal/salecar/car/repository/cartyperepository.go:67.2,68.12 2 1
github.com/omekov/superapp-backend/internal/salecar/car/repository/cartyperepository.go:63.16,65.3 1 0
github.com/omekov/superapp-backend/internal/salecar/car/repository/cartyperepository.go:71.72,74.2 2 1
github.com/omekov/superapp-backend/internal/auth/user/repository/user_session.go:15.97,19.18 3 1
github.com/omekov/superapp-backend/internal/auth/user/repository/user_session.go:23.2,24.16 2 1
github.com/omekov/superapp-backend/internal/auth/user/repository/user_session.go:28.2,29.86 2 1
github.com/omekov/superapp-backend/internal/auth/user/repository/user_session.go:19.18,21.3 1 1
github.com/omekov/superapp-backend/internal/auth/user/repository/user_session.go:24.16,26.3 1 0
github.com/omekov/superapp-backend/internal/auth/user/repository/user_session.go:32.80,37.18 4 1
github.com/omekov/superapp-backend/internal/auth/user/repository/user_session.go:41.2,43.16 3 1
github.com/omekov/superapp-backend/internal/auth/user/repository/user_session.go:50.2,50.56 1 1
github.com/omekov/superapp-backend/internal/auth/user/repository/user_session.go:54.2,54.18 1 1
github.com/omekov/superapp-backend/internal/auth/user/repository/user_session.go:37.18,39.3 1 1
github.com/omekov/superapp-backend/internal/auth/user/repository/user_session.go:43.16,44.32 1 1
github.com/omekov/superapp-backend/internal/auth/user/repository/user_session.go:47.3,47.19 1 0
github.com/omekov/superapp-backend/internal/auth/user/repository/user_session.go:44.32,46.4 1 1
github.com/omekov/superapp-backend/internal/auth/user/repository/user_session.go:50.56,52.3 1 0
github.com/omekov/superapp-backend/internal/auth/user/repository/user_session.go:58.75,62.18 3 1
github.com/omekov/superapp-backend/internal/auth/user/repository/user_session.go:65.2,65.65 1 1
github.com/omekov/superapp-backend/internal/auth/user/repository/user_session.go:62.18,64.3 1 1
github.com/omekov/superapp-backend/internal/auth/user/repository/user_session.go:68.98,73.18 4 1
github.com/omekov/superapp-backend/internal/auth/user/repository/user_session.go:77.2,80.16 3 1
github.com/omekov/superapp-backend/internal/auth/user/repository/user_session.go:84.2,84.102 1 1
github.com/omekov/superapp-backend/internal/auth/user/repository/user_session.go:88.2,88.28 1 1
github.com/omekov/superapp-backend/internal/auth/user/repository/user_session.go:73.18,75.3 1 1
github.com/omekov/superapp-backend/internal/auth/user/repository/user_session.go:80.16,82.3 1 0
github.com/omekov/superapp-backend/internal/auth/user/repository/user_session.go:84.102,86.3 1 0
github.com/omekov/superapp-backend/internal/auth/user/repository/user_session.go:92.91,97.18 4 1
github.com/omekov/superapp-backend/internal/auth/user/repository/user_session.go:101.2,102.16 2 1
github.com/omekov/superapp-backend/internal/auth/user/repository/user_session.go:109.2,109.56 1 1
github.com/omekov/superapp-backend/internal/auth/user/repository/user_session.go:112.2,112.18 1 1
github.com/omekov/superapp-backend/internal/auth/user/repository/user_session.go:97.18,99.3 1 1
github.com/omekov/superapp-backend/internal/auth/user/repository/user_session.go:102.16,103.32 1 1
github.com/omekov/superapp-backend/internal/auth/user/repository/user_session.go:106.3,106.19 1 0
github.com/omekov/superapp-backend/internal/auth/user/repository/user_session.go:103.32,105.4 1 1
github.com/omekov/superapp-backend/internal/auth/user/repository/user_session.go:109.56,111.3 1 0
github.com/omekov/superapp-backend/internal/auth/user/repository/user_session.go:115.83,119.18 3 1
github.com/omekov/superapp-backend/internal/auth/user/repository/user_session.go:123.2,124.12 2 1
github.com/omekov/superapp-backend/internal/auth/user/repository/user_session.go:119.18,121.3 1 1
github.com/omekov/superapp-backend/internal/auth/user/repository/model.go:27.37,37.2 3 1
github.com/omekov/superapp-backend/internal/auth/user/repository/model.go:40.38,50.2 3 1
github.com/omekov/superapp-backend/internal/auth/user/repository/model.go:53.38,63.2 3 1
github.com/omekov/superapp-backend/internal/auth/user/repository/model.go:66.38,76.2 3 1
github.com/omekov/superapp-backend/internal/auth/user/repository/model.go:79.38,89.2 3 1
github.com/omekov/superapp-backend/internal/auth/user/repository/model.go:92.38,103.2 3 1
github.com/omekov/superapp-backend/internal/auth/user/repository/repository.go:16.83,20.2 1 1
github.com/omekov/superapp-backend/internal/auth/user/repository/user.go:34.79,36.2 1 1
github.com/omekov/superapp-backend/internal/auth/user/repository/user.go:38.78,54.17 5 1
github.com/omekov/superapp-backend/internal/auth/user/repository/user.go:58.2,59.16 2 1
github.com/omekov/superapp-backend/internal/auth/user/repository/user.go:63.2,63.16 1 1
github.com/omekov/superapp-backend/internal/auth/user/repository/user.go:54.17,56.3 1 1
github.com/omekov/superapp-backend/internal/auth/user/repository/user.go:59.16,61.3 1 1
github.com/omekov/superapp-backend/internal/auth/user/repository/user.go:66.86,78.17 3 1
github.com/omekov/superapp-backend/internal/auth/user/repository/user.go:82.2,83.16 2 1
github.com/omekov/superapp-backend/internal/auth/user/repository/user.go:86.2,86.18 1 1
github.com/omekov/superapp-backend/internal/auth/user/repository/user.go:78.17,80.3 1 1
github.com/omekov/superapp-backend/internal/auth/user/repository/user.go:83.16,85.3 1 1
github.com/omekov/superapp-backend/internal/auth/user/repository/user.go:89.74,101.17 3 1
github.com/omekov/superapp-backend/internal/auth/user/repository/user.go:105.2,106.16 2 1
github.com/omekov/superapp-backend/internal/auth/user/repository/user.go:110.2,110.18 1 1
github.com/omekov/superapp-backend/internal/auth/user/repository/user.go:101.17,103.3 1 1
github.com/omekov/superapp-backend/internal/auth/user/repository/user.go:106.16,108.3 1 1
github.com/omekov/superapp-backend/internal/auth/user/repository/user.go:113.100,121.17 4 1
github.com/omekov/superapp-backend/internal/auth/user/repository/user.go:125.2,126.16 2 1
github.com/omekov/superapp-backend/internal/auth/user/repository/user.go:130.2,131.16 2 1
github.com/omekov/superapp-backend/internal/auth/user/repository/user.go:135.2,135.15 1 1
github.com/omekov/superapp-backend/internal/auth/user/repository/user.go:139.2,139.12 1 1
github.com/omekov/superapp-backend/internal/auth/user/repository/user.go:121.17,123.3 1 1
github.com/omekov/superapp-backend/internal/auth/user/repository/user.go:126.16,128.3 1 0
github.com/omekov/superapp-backend/internal/auth/user/repository/user.go:131.16,133.3 1 0
github.com/omekov/superapp-backend/internal/auth/user/repository/user.go:135.15,137.3 1 1
github.com/omekov/superapp-backend/internal/auth/user/repository/user.go:142.80,155.17 3 1
github.com/omekov/superapp-backend/internal/auth/user/repository/user.go:159.2,160.16 2 1
github.com/omekov/superapp-backend/internal/auth/user/repository/user.go:164.2,164.18 1 1
github.com/omekov/superapp-backend/internal/auth/user/repository/user.go:155.17,157.3 1 1
github.com/omekov/superapp-backend/internal/auth/user/repository/user.go:160.16,162.3 1 1
github.com/omekov/superapp-backend/internal/auth/user/repository/user.go:167.100,175.17 4 1
github.com/omekov/superapp-backend/internal/auth/user/repository/user.go:179.2,180.16 2 1
github.com/omekov/superapp-backend/internal/auth/user/repository/user.go:184.2,185.16 2 1
github.com/omekov/superapp-backend/internal/auth/user/repository/user.go:189.2,189.15 1 1
github.com/omekov/superapp-backend/internal/auth/user/repository/user.go:193.2,193.12 1 1
github.com/omekov/superapp-backend/internal/auth/user/repository/user.go:175.17,177.3 1 1
github.com/omekov/superapp-backend/internal/auth/user/repository/user.go:180.16,182.3 1 0
github.com/omekov/superapp-backend/internal/auth/user/repository/user.go:185.16,187.3 1 0
github.com/omekov/superapp-backend/internal/auth/user/repository/user.go:189.15,191.3 1 1
